2020-01-23 20:36:41+00:00 [Note] [Entrypoint]: Entrypoint script for MySQL Server 8.0.19-1debian9 started.
2020-01-23 20:36:41+00:00 [Note] [Entrypoint]: Switching to dedicated user 'mysql'
2020-01-23 20:36:41+00:00 [Note] [Entrypoint]: Entrypoint script for MySQL Server 8.0.19-1debian9 started.
2020-01-23 20:36:41+00:00 [Note] [Entrypoint]: Initializing database files
2020-01-23T20:36:41.891551Z 0 [Warning] [MY-011070] [Server] 'Disabling symbolic links using --skip-symbolic-links (or equivalent) is the default. Consider not using this option as it' is deprecated and will be removed in a future release.
2020-01-23T20:36:41.891621Z 0 [System] [MY-013169] [Server] /usr/sbin/mysqld (mysqld 8.0.19) initializing of server in progress as process 45
2020-01-23T20:36:43.391142Z 5 [Warning] [MY-010453] [Server] root@localhost is created with an empty password ! Please consider switching off the --initialize-insecure option.
2020-01-23 20:36:46+00:00 [Note] [Entrypoint]: Database files initialized
2020-01-23 20:36:46+00:00 [Note] [Entrypoint]: Starting temporary server
2020-01-23T20:36:46.426636Z 0 [Warning] [MY-011070] [Server] 'Disabling symbolic links using --skip-symbolic-links (or equivalent) is the default. Consider not using this option as it' is deprecated and will be removed in a future release.
2020-01-23T20:36:46.426735Z 0 [System] [MY-010116] [Server] /usr/sbin/mysqld (mysqld 8.0.19) starting as process 95
2020-01-23T20:36:46.815387Z 0 [Warning] [MY-010068] [Server] CA certificate ca.pem is self signed.
2020-01-23T20:36:46.817271Z 0 [Warning] [MY-011810] [Server] Insecure configuration for --pid-file: Location '/var/run/mysqld' in the path is accessible to all OS users. Consider choosing a different directory.
2020-01-23T20:36:46.837767Z 0 [System] [MY-010931] [Server] /usr/sbin/mysqld: ready for connections. Version: '8.0.19'  socket: '/var/run/mysqld/mysqld.sock'  port: 0  MySQL Community Server - GPL.
2020-01-23 20:36:46+00:00 [Note] [Entrypoint]: Temporary server started.
2020-01-23T20:36:46.968584Z 0 [System] [MY-011323] [Server] X Plugin ready for connections. Socket: '/var/run/mysqld/mysqlx.sock'
Warning: Unable to load '/usr/share/zoneinfo/iso3166.tab' as time zone. Skipping it.
Warning: Unable to load '/usr/share/zoneinfo/leap-seconds.list' as time zone. Skipping it.
Warning: Unable to load '/usr/share/zoneinfo/zone.tab' as time zone. Skipping it.
Warning: Unable to load '/usr/share/zoneinfo/zone1970.tab' as time zone. Skipping it.
2020-01-23 20:36:50+00:00 [Note] [Entrypoint]: Creating database gallery_db
2020-01-23 20:36:50+00:00 [Note] [Entrypoint]: /usr/local/bin/docker-entrypoint.sh: running /docker-entrypoint-initdb.d/gallery_db_dump.sql
2020-01-23 20:36:50+00:00 [Note] [Entrypoint]: Stopping temporary server
2020-01-23T20:36:50.492317Z 12 [System] [MY-013172] [Server] Received SHUTDOWN from user root. Shutting down mysqld (Version: 8.0.19).
2020-01-23T20:36:52.079115Z 0 [System] [MY-010910] [Server] /usr/sbin/mysqld: Shutdown complete (mysqld 8.0.19)  MySQL Community Server - GPL.
2020-01-23 20:36:52+00:00 [Note] [Entrypoint]: Temporary server stopped
2020-01-23 20:36:52+00:00 [Note] [Entrypoint]: MySQL init process done. Ready for start up.
2020-01-23T20:36:52.761195Z 0 [Warning] [MY-011070] [Server] 'Disabling symbolic links using --skip-symbolic-links (or equivalent) is the default. Consider not using this option as it' is deprecated and will be removed in a future release.
2020-01-23T20:36:52.761297Z 0 [System] [MY-010116] [Server] /usr/sbin/mysqld (mysqld 8.0.19) starting as process 1
2020-01-23T20:36:53.141343Z 0 [Warning] [MY-010068] [Server] CA certificate ca.pem is self signed.
2020-01-23T20:36:53.143617Z 0 [Warning] [MY-011810] [Server] Insecure configuration for --pid-file: Location '/var/run/mysqld' in the path is accessible to all OS users. Consider choosing a different directory.
2020-01-23T20:36:53.174182Z 0 [System] [MY-010931] [Server] /usr/sbin/mysqld: ready for connections. Version: '8.0.19'  socket: '/var/run/mysqld/mysqld.sock'  port: 3306  MySQL Community Server - GPL.
2020-01-23T20:36:53.316902Z 0 [System] [MY-011323] [Server] X Plugin ready for connections. Socket: '/var/run/mysqld/mysqlx.sock' bind-address: '::' port: 33060
